<?xml version="1.0" encoding="UTF-8"?>
<testsuite xmlns:xsi="http://www.w3.org/2001/XMLSchema-instance" xsi:noNamespaceSchemaLocation="https://maven.apache.org/surefire/maven-failsafe-plugin/xsd/failsafe-test-report-3.0.xsd" version="3.0" name="com.ProductFinderServiceIT" time="0.839" tests="2" errors="0" skipped="0" failures="0">
  <properties>
    <property name="java.specification.version" value="21"/>
    <property name="sun.jnu.encoding" value="UTF-8"/>
    <property name="java.class.path" value="/home/goncalo/Documentos/TQS_107758/Lab2/Lab2_2/conversion_mthd_behavior/target/test-classes:/home/goncalo/Documentos/TQS_107758/Lab2/Lab2_2/conversion_mthd_behavior/target/classes:/home/goncalo/.m2/repository/junit/junit/3.8.1/junit-3.8.1.jar:/home/goncalo/.m2/repository/org/mockito/mockito-junit-jupiter/5.0.0/mockito-junit-jupiter-5.0.0.jar:/home/goncalo/.m2/repository/org/junit/jupiter/junit-jupiter-api/5.9.2/junit-jupiter-api-5.9.2.jar:/home/goncalo/.m2/repository/org/opentest4j/opentest4j/1.2.0/opentest4j-1.2.0.jar:/home/goncalo/.m2/repository/org/junit/platform/junit-platform-commons/1.9.2/junit-platform-commons-1.9.2.jar:/home/goncalo/.m2/repository/org/apiguardian/apiguardian-api/1.1.2/apiguardian-api-1.1.2.jar:/home/goncalo/.m2/repository/org/mockito/mockito-core/5.0.0/mockito-core-5.0.0.jar:/home/goncalo/.m2/repository/net/bytebuddy/byte-buddy/1.12.22/byte-buddy-1.12.22.jar:/home/goncalo/.m2/repository/net/bytebuddy/byte-buddy-agent/1.12.22/byte-buddy-agent-1.12.22.jar:/home/goncalo/.m2/repository/org/objenesis/objenesis/3.3/objenesis-3.3.jar:/home/goncalo/.m2/repository/org/junit/jupiter/junit-jupiter/5.9.2/junit-jupiter-5.9.2.jar:/home/goncalo/.m2/repository/org/junit/jupiter/junit-jupiter-params/5.9.2/junit-jupiter-params-5.9.2.jar:/home/goncalo/.m2/repository/org/junit/jupiter/junit-jupiter-engine/5.9.2/junit-jupiter-engine-5.9.2.jar:/home/goncalo/.m2/repository/org/junit/platform/junit-platform-engine/1.9.2/junit-platform-engine-1.9.2.jar:/home/goncalo/.m2/repository/com/fasterxml/jackson/core/jackson-databind/2.16.0/jackson-databind-2.16.0.jar:/home/goncalo/.m2/repository/com/fasterxml/jackson/core/jackson-annotations/2.16.0/jackson-annotations-2.16.0.jar:/home/goncalo/.m2/repository/com/fasterxml/jackson/core/jackson-core/2.16.0/jackson-core-2.16.0.jar:/home/goncalo/.m2/repository/org/apache/httpcomponents/httpclient/4.5.13/httpclient-4.5.13.jar:/home/goncalo/.m2/repository/org/apache/httpcomponents/httpcore/4.4.13/httpcore-4.4.13.jar:/home/goncalo/.m2/repository/commons-logging/commons-logging/1.2/commons-logging-1.2.jar:/home/goncalo/.m2/repository/commons-codec/commons-codec/1.11/commons-codec-1.11.jar:"/>
    <property name="java.vm.vendor" value="Ubuntu"/>
    <property name="sun.arch.data.model" value="64"/>
    <property name="java.vendor.url" value="https://ubuntu.com/"/>
    <property name="user.timezone" value="Europe/Lisbon"/>
    <property name="os.name" value="Linux"/>
    <property name="java.vm.specification.version" value="21"/>
    <property name="sun.java.launcher" value="SUN_STANDARD"/>
    <property name="user.country" value="PT"/>
    <property name="sun.boot.library.path" value="/usr/lib/jvm/java-21-openjdk-amd64/lib"/>
    <property name="sun.java.command" value="/home/goncalo/Documentos/TQS_107758/Lab2/Lab2_2/conversion_mthd_behavior/target/surefire/surefirebooter-20250226190135689_3.jar /home/goncalo/Documentos/TQS_107758/Lab2/Lab2_2/conversion_mthd_behavior/target/surefire 2025-02-26T19-01-35_631-jvmRun1 surefire-20250226190135689_1tmp surefire_0-20250226190135689_2tmp"/>
    <property name="jdk.debug" value="release"/>
    <property name="surefire.test.class.path" value="/home/goncalo/Documentos/TQS_107758/Lab2/Lab2_2/conversion_mthd_behavior/target/test-classes:/home/goncalo/Documentos/TQS_107758/Lab2/Lab2_2/conversion_mthd_behavior/target/classes:/home/goncalo/.m2/repository/junit/junit/3.8.1/junit-3.8.1.jar:/home/goncalo/.m2/repository/org/mockito/mockito-junit-jupiter/5.0.0/mockito-junit-jupiter-5.0.0.jar:/home/goncalo/.m2/repository/org/junit/jupiter/junit-jupiter-api/5.9.2/junit-jupiter-api-5.9.2.jar:/home/goncalo/.m2/repository/org/opentest4j/opentest4j/1.2.0/opentest4j-1.2.0.jar:/home/goncalo/.m2/repository/org/junit/platform/junit-platform-commons/1.9.2/junit-platform-commons-1.9.2.jar:/home/goncalo/.m2/repository/org/apiguardian/apiguardian-api/1.1.2/apiguardian-api-1.1.2.jar:/home/goncalo/.m2/repository/org/mockito/mockito-core/5.0.0/mockito-core-5.0.0.jar:/home/goncalo/.m2/repository/net/bytebuddy/byte-buddy/1.12.22/byte-buddy-1.12.22.jar:/home/goncalo/.m2/repository/net/bytebuddy/byte-buddy-agent/1.12.22/byte-buddy-agent-1.12.22.jar:/home/goncalo/.m2/repository/org/objenesis/objenesis/3.3/objenesis-3.3.jar:/home/goncalo/.m2/repository/org/junit/jupiter/junit-jupiter/5.9.2/junit-jupiter-5.9.2.jar:/home/goncalo/.m2/repository/org/junit/jupiter/junit-jupiter-params/5.9.2/junit-jupiter-params-5.9.2.jar:/home/goncalo/.m2/repository/org/junit/jupiter/junit-jupiter-engine/5.9.2/junit-jupiter-engine-5.9.2.jar:/home/goncalo/.m2/repository/org/junit/platform/junit-platform-engine/1.9.2/junit-platform-engine-1.9.2.jar:/home/goncalo/.m2/repository/com/fasterxml/jackson/core/jackson-databind/2.16.0/jackson-databind-2.16.0.jar:/home/goncalo/.m2/repository/com/fasterxml/jackson/core/jackson-annotations/2.16.0/jackson-annotations-2.16.0.jar:/home/goncalo/.m2/repository/com/fasterxml/jackson/core/jackson-core/2.16.0/jackson-core-2.16.0.jar:/home/goncalo/.m2/repository/org/apache/httpcomponents/httpclient/4.5.13/httpclient-4.5.13.jar:/home/goncalo/.m2/repository/org/apache/httpcomponents/httpcore/4.4.13/httpcore-4.4.13.jar:/home/goncalo/.m2/repository/commons-logging/commons-logging/1.2/commons-logging-1.2.jar:/home/goncalo/.m2/repository/commons-codec/commons-codec/1.11/commons-codec-1.11.jar:"/>
    <property name="sun.cpu.endian" value="little"/>
    <property name="user.home" value="/home/goncalo"/>
    <property name="user.language" value="pt"/>
    <property name="java.specification.vendor" value="Oracle Corporation"/>
    <property name="java.version.date" value="2025-01-21"/>
    <property name="java.home" value="/usr/lib/jvm/java-21-openjdk-amd64"/>
    <property name="file.separator" value="/"/>
    <property name="basedir" value="/home/goncalo/Documentos/TQS_107758/Lab2/Lab2_2/conversion_mthd_behavior"/>
    <property name="java.vm.compressedOopsMode" value="Zero based"/>
    <property name="line.separator" value="&#10;"/>
    <property name="java.specification.name" value="Java Platform API Specification"/>
    <property name="java.vm.specification.vendor" value="Oracle Corporation"/>
    <property name="surefire.real.class.path" value="/home/goncalo/Documentos/TQS_107758/Lab2/Lab2_2/conversion_mthd_behavior/target/surefire/surefirebooter-20250226190135689_3.jar"/>
    <property name="sun.management.compiler" value="HotSpot 64-Bit Tiered Compilers"/>
    <property name="java.runtime.version" value="21.0.6+7-Ubuntu-122.04.1"/>
    <property name="user.name" value="goncalo"/>
    <property name="stdout.encoding" value="UTF-8"/>
    <property name="path.separator" value=":"/>
    <property name="os.version" value="6.8.0-52-generic"/>
    <property name="java.runtime.name" value="OpenJDK Runtime Environment"/>
    <property name="file.encoding" value="UTF-8"/>
    <property name="java.vm.name" value="OpenJDK 64-Bit Server VM"/>
    <property name="localRepository" value="/home/goncalo/.m2/repository"/>
    <property name="java.vendor.url.bug" value="https://bugs.launchpad.net/ubuntu/+source/openjdk-21"/>
    <property name="java.io.tmpdir" value="/tmp"/>
    <property name="java.version" value="21.0.6"/>
    <property name="user.dir" value="/home/goncalo/Documentos/TQS_107758/Lab2/Lab2_2/conversion_mthd_behavior"/>
    <property name="os.arch" value="amd64"/>
    <property name="java.vm.specification.name" value="Java Virtual Machine Specification"/>
    <property name="native.encoding" value="UTF-8"/>
    <property name="java.library.path" value="/usr/java/packages/lib:/usr/lib/x86_64-linux-gnu/jni:/lib/x86_64-linux-gnu:/usr/lib/x86_64-linux-gnu:/usr/lib/jni:/lib:/usr/lib"/>
    <property name="java.vm.info" value="mixed mode, sharing"/>
    <property name="stderr.encoding" value="UTF-8"/>
    <property name="java.vendor" value="Ubuntu"/>
    <property name="java.vm.version" value="21.0.6+7-Ubuntu-122.04.1"/>
    <property name="sun.io.unicode.encoding" value="UnicodeLittle"/>
    <property name="java.class.version" value="65.0"/>
  </properties>
  <testcase name="testFindProductDetailsMethodA" classname="com.ProductFinderServiceIT" time="0.686">
    <system-out><![CDATA[{"id":3,"title":"Mens Cotton Jacket","price":55.99,"description":"great outerwear jackets for Spring/Autumn/Winter, suitable for many occasions, such as working, hiking, camping, mountain/rock climbing, cycling, traveling or other outdoors. Good gift choice for you or your family member. A warm hearted love to Father, husband or son in this thanksgiving or Christmas Day.","category":"men's clothing","image":"https://fakestoreapi.com/img/71li-ujtlUL._AC_UX679_.jpg","rating":{"rate":4.7,"count":500}}
]]></system-out>
  </testcase>
  <testcase name="testFindProductDetailsMethodB" classname="com.ProductFinderServiceIT" time="0.135">
    <system-out><![CDATA[
]]></system-out>
  </testcase>
</testsuite>